Using pre-set license
Built from '2020.3/release' branch; Version is '2020.3.12f1 (b3b2c6512326) revision 11776710'; Using compiler version '192528614'; Build Type 'Release'
OS: 'Windows 7  (6.1.0) 64bit' Language: 'en' Physical Memory: 6009 MB
BatchMode: 1, IsHumanControllingUs: 0, StartBugReporterOnCrash: 0, Is64bit: 1, IsPro: 0

 COMMAND LINE ARGUMENTS:
C:\Program Files\Unity\Hub\Editor\2020.3.12f1\Editor\Unity.exe
-adb2
-batchMode
-noUpm
-name
AssetImportWorker0
-projectPath
C:/Users/TuanND/Desktop/New_Unity/Pixel_Art
-logFile
Logs/AssetImportWorker0.log
-srvPort
62026
Successfully changed project path to: C:/Users/TuanND/Desktop/New_Unity/Pixel_Art
C:/Users/TuanND/Desktop/New_Unity/Pixel_Art
Using Asset Import Pipeline V2.
Refreshing native plugins compatible for Editor in 88.90 ms, found 3 plugins.
Preloading 0 native plugins for Editor in 0.00 ms.
Initialize engine version: 2020.3.12f1 (b3b2c6512326)
[Subsystems] Discovering subsystems at path C:/Program Files/Unity/Hub/Editor/2020.3.12f1/Editor/Data/Resources/UnitySubsystems
[Subsystems] Discovering subsystems at path C:/Users/TuanND/Desktop/New_Unity/Pixel_Art/Assets
GfxDevice: creating device client; threaded=0
d3d11: CreateDXGIFactory2(...) not found, fallbacking to CreateDXGIFactory1(...).
d3d11: D3D_FEATURE_LEVEL_11_1 not-recognized (only 11.0 runtime installed?)
d3d11: QueryInterface(IDXGIFactory5) failed (80004002).
Direct3D:
    Version:  Direct3D 11.0 [level 11.0]
    Renderer: Intel(R) HD Graphics 4000 (ID=0x166)
    Vendor:   
    VRAM:     1632 MB
    Driver:   9.18.10.3071
Initialize mono
Mono path[0] = 'C:/Program Files/Unity/Hub/Editor/2020.3.12f1/Editor/Data/Managed'
Mono path[1] = 'C:/Program Files/Unity/Hub/Editor/2020.3.12f1/Editor/Data/MonoBleedingEdge/lib/mono/unityjit'
Mono config path = 'C:/Program Files/Unity/Hub/Editor/2020.3.12f1/Editor/Data/MonoBleedingEdge/etc'
Using monoOptions --debugger-agent=transport=dt_socket,embedding=1,server=y,suspend=n,address=127.0.0.1:56192
Begin MonoManager ReloadAssembly
Registering precompiled unity dll's ...
Register platform support module: C:/Program Files/Unity/Hub/Editor/2020.3.12f1/Editor/Data/PlaybackEngines/WindowsStandaloneSupport/UnityEditor.WindowsStandalone.Extensions.dll
Registered in 0.001819 seconds.
Native extension for WindowsStandalone target not found
Refreshing native plugins compatible for Editor in 81.73 ms, found 3 plugins.
Preloading 0 native plugins for Editor in 0.00 ms.
Mono: successfully reloaded assembly
- Completed reload, in  2.916 seconds
Platform modules already initialized, skipping
Registering precompiled user dll's ...
Registered in 0.005301 seconds.
Begin MonoManager ReloadAssembly
Native extension for WindowsStandalone target not found
Refreshing native plugins compatible for Editor in 98.76 ms, found 3 plugins.
Preloading 0 native plugins for Editor in 0.00 ms.
Mono: successfully reloaded assembly
- Completed reload, in  2.032 seconds
Platform modules already initialized, skipping
========================================================================
Worker process is ready to serve import requests
Launched and connected shader compiler UnityShaderCompiler.exe after 0.04 seconds
Refreshing native plugins compatible for Editor in 2.75 ms, found 3 plugins.
Preloading 0 native plugins for Editor in 0.00 ms.
Unloading 2101 Unused Serialized files (Serialized files now loaded: 0)
System memory in use before: 95.1 MB.
System memory in use after: 95.1 MB.

Unloading 33 unused Assets to reduce memory usage. Loaded Objects now: 2535.
Total: 18.184765 ms (FindLiveObjects: 0.638872 ms CreateObjectMapping: 0.336541 ms MarkObjects: 16.916856 ms  DeleteObjects: 0.289075 ms)

AssetImportParameters requested are different than current active one (requested -> active):
  custom:framework-win-MediaFoundation: 216162199b28c13a410421893ffa2e32 -> 
  custom:video-decoder-ogg-theora: a1e56fd34408186e4bbccfd4996cb3dc -> 
  custom:container-muxer-webm: aa71ff27fc2769a1b78a27578f13a17b -> 
  custom:container-demuxer-webm: 4f35f7cbe854078d1ac9338744f61a02 -> 
  custom:container-demuxer-ogg: 62fdf1f143b41e24485cea50d1cbac27 -> 
  custom:video-encoder-webm-vp8: eb34c28f22e8b96e1ab97ce403110664 -> 
  custom:video-decoder-webm-vp8: 9c59270c3fd7afecdb556c50c9e8de78 -> 
  custom:audio-decoder-ogg-vorbis: bf7c407c2cedff20999df2af8eb42d56 -> 
  custom:audio-encoder-webm-vorbis: bf7c407c2cedff20999df2af8eb42d56 -> 
========================================================================
Received Import Request.
  path: Assets/Slider/Handle1.png
  artifactKey: Guid(debffa8b5baf6406f8107547abbe39bb) Importer(815301076,1909f56bfc062723c751e8b465ee728b)
Start importing Assets/Slider/Handle1.png using Guid(debffa8b5baf6406f8107547abbe39bb) Importer(815301076,1909f56bfc062723c751e8b465ee728b)  -> (artifact id: 'c266af57d7079b366bec6752aed8463d') in 0.177832 seconds 
  Import took 0.184551 seconds .

========================================================================
Received Import Request.
  Time since last request: 33.165248 seconds.
  path: Assets/Slider/Handle1.png
  artifactKey: Guid(debffa8b5baf6406f8107547abbe39bb) Importer(815301076,1909f56bfc062723c751e8b465ee728b)
Start importing Assets/Slider/Handle1.png using Guid(debffa8b5baf6406f8107547abbe39bb) Importer(815301076,1909f56bfc062723c751e8b465ee728b)  -> (artifact id: '51e89be069664faa198c942cd5165e45') in 0.017535 seconds 
  Import took 0.025823 seconds .

========================================================================
Received Import Request.
  Time since last request: 9.980615 seconds.
  path: Assets/Slider/Handle1.png
  artifactKey: Guid(debffa8b5baf6406f8107547abbe39bb) Importer(815301076,1909f56bfc062723c751e8b465ee728b)
Start importing Assets/Slider/Handle1.png using Guid(debffa8b5baf6406f8107547abbe39bb) Importer(815301076,1909f56bfc062723c751e8b465ee728b)  -> (artifact id: '6c26dc081ee0662de63bc975f6562ab3') in 0.012872 seconds 
  Import took 0.023831 seconds .

========================================================================
Received Import Request.
  Time since last request: 0.010118 seconds.
  path: Assets/Slider/Handle1.png
  artifactKey: Guid(debffa8b5baf6406f8107547abbe39bb) Importer(815301076,1909f56bfc062723c751e8b465ee728b)
Start importing Assets/Slider/Handle1.png using Guid(debffa8b5baf6406f8107547abbe39bb) Importer(815301076,1909f56bfc062723c751e8b465ee728b)  -> (artifact id: '6c26dc081ee0662de63bc975f6562ab3') in 0.028642 seconds 
  Import took 0.035836 seconds .

========================================================================
Received Import Request.
  Time since last request: 711.017699 seconds.
  path: Assets/Scenes/Menu.unity
  artifactKey: Guid(b8a0c0142fd078149b40651f0b5206f7) Importer(815301076,1909f56bfc062723c751e8b465ee728b)
Start importing Assets/Scenes/Menu.unity using Guid(b8a0c0142fd078149b40651f0b5206f7) Importer(815301076,1909f56bfc062723c751e8b465ee728b)  -> (artifact id: 'de06498bab41a5b3dd4774b78e3a2606') in 0.004695 seconds 
  Import took 0.034261 seconds .

========================================================================
Received Prepare
Registering precompiled user dll's ...
Registered in 0.008018 seconds.
Begin MonoManager ReloadAssembly
Native extension for WindowsStandalone target not found
Refreshing native plugins compatible for Editor in 0.71 ms, found 3 plugins.
Preloading 0 native plugins for Editor in 0.00 ms.
Mono: successfully reloaded assembly
- Completed reload, in  1.633 seconds
Platform modules already initialized, skipping
Switching build target platform(19) subTarget(0) extendedPlatform(0) -> platform(13) subTarget(537395200) extendedPlatform(0)
Refreshing native plugins compatible for Editor in 0.79 ms, found 3 plugins.
Preloading 0 native plugins for Editor in 0.00 ms.
Unloading 2086 Unused Serialized files (Serialized files now loaded: 0)
System memory in use before: 96.8 MB.
System memory in use after: 96.8 MB.

Unloading 21 unused Assets to reduce memory usage. Loaded Objects now: 2545.
Total: 3.742149 ms (FindLiveObjects: 0.261707 ms CreateObjectMapping: 0.125722 ms MarkObjects: 3.176828 ms  DeleteObjects: 0.174471 ms)

AssetImportParameters requested are different than current active one (requested -> active):
  custom:framework-win-MediaFoundation: 216162199b28c13a410421893ffa2e32 -> 
  custom:video-decoder-ogg-theora: a1e56fd34408186e4bbccfd4996cb3dc -> 
  custom:container-muxer-webm: aa71ff27fc2769a1b78a27578f13a17b -> 
  custom:container-demuxer-webm: 4f35f7cbe854078d1ac9338744f61a02 -> 
  custom:container-demuxer-ogg: 62fdf1f143b41e24485cea50d1cbac27 -> 
  custom:video-encoder-webm-vp8: eb34c28f22e8b96e1ab97ce403110664 -> 
  custom:video-decoder-webm-vp8: 9c59270c3fd7afecdb556c50c9e8de78 -> 
  custom:graphics/normal-map-encoding: 01000000000000000000000000000000 -> 02000000000000000000000000000000
  custom:audio-decoder-ogg-vorbis: bf7c407c2cedff20999df2af8eb42d56 -> 
  custom:audio-encoder-webm-vorbis: bf7c407c2cedff20999df2af8eb42d56 -> 
AssetImportWorkerClient::OnTransportError - code=2 error=End of file
